<?xml version="1.0" encoding="utf-8" ?>
<!DOCTYPE html PUBLIC "-//W3C//DTD XHTML 1.0 Strict//EN"
        "http://www.w3.org/TR/xhtml1/DTD/xhtml1-strict.dtd">
<html xmlns="http://www.w3.org/1999/xhtml" xml:lang="" lang="">
<head>
  <title>Sample Regression Report - Manage Performance</title>
  <meta http-equiv="Content-Type" content="text/html;charset=utf-8" />
  <meta name="description" content="TestNG unit test results." />
  <link href="reportng.css" rel="stylesheet" type="text/css" />
    <script type="text/javascript" src="reportng.js"></script>
</head>
<body>
<h1>Manage Performance</h1>
<p>
  Test duration: 123.484s
</p>



  <table class="resultsTable">
    <tr><th colspan="3" class="header failed">Failed Tests</th></tr>
          <tr>
        <td colspan="3" class="group">hcm.tests.ManagePerformanceRolesTest</td>
      </tr>
            
<tr>
  <td class="method">
                  a_test
      </td>
  <td class="duration">
    71.469s
  </td>
  <td class="result">
        
    
            <div class="testOutput">
                        <style>.testRep, .testRep td, .testRep tr{border-style:ridge; border-collapse:collapse;}.testRep th{background-color:#E4BDEE; border-style:ridge;} .testRep td{text-align:left;}.testRep th{color:#005b96; text-align:left}.tabItems th, .tabItems td{color:black;} .resPass{color:#228B22; font-weight:bold; background-color:#B5FCAB;} .resFail{color:#DC143C; font-weight:bold; background-color:#FC9E9E;} .logsize{font-size:11px;}</style><br/>
                                <strong>Checking landed page...  </strong><br/>
                                We landed on the correct page: <em>login-aufsn4x0cba.oracleoutsourcing.com/oam/server/obrareq.cgi</em><br/>
                                Entered User ID...<br/>
                                Entered Password...<br/>
                                Clicked Sign In Button...<br/>
                                <strong>Checking landed page...  </strong><br/>
                                We landed on the correct page: <em>/hcmCore/faces/FuseWelcome</em><br/>
                                Clicked the Navigator...<br/>
                                Setup and Maintenance link has been clicked...<br/>
                                <strong>Checking landed page...  </strong><br/>
                                We landed on the correct page: <em>/setup/faces/TaskListManagerTop</em><br/>
                                Clicking Manage Implementation Projects...<br/>
                                Clicked Create icon...<br/>
                                <mark><strong>FAILURE:</strong> <em>getElementByXPath(...) is null
Build info: version: '2.52.0', revision: '4c2593c', time: '2016-02-11 19:06:42'
System info: host: 'ETDB-510P680-D', ip: '169.254.231.255', os.name: 'Windows 7', os.arch: 'amd64', os.version: '6.1', java.version: '1.7.0_79'
Driver info: driver.version: unknown
Command duration or timeout: 243 milliseconds
Build info: version: '2.52.0', revision: '4c2593cfc3689a7fcd7be52549167e5ccc93ad28', time: '2016-02-11 11:22:43'
System info: host: 'ETDB-510P680-D', ip: '169.254.231.255', os.name: 'Windows 7', os.arch: 'amd64', os.version: '6.1', java.version: '1.7.0_79'
Session ID: 7b10f559-de81-4322-9247-8fd9bbeba88c
Driver info: org.openqa.selenium.remote.RemoteWebDriver
Capabilities [{platform=WINDOWS, javascriptEnabled=true, acceptSslCerts=true, browserName=firefox, rotatable=false, locationContextEnabled=true, webdriver.remote.sessionid=7b10f559-de81-4322-9247-8fd9bbeba88c, version=44.0.2, databaseEnabled=true, cssSelectorsEnabled=true, handlesAlerts=true, webStorageEnabled=true, nativeEvents=false, applicationCacheEnabled=true, takesScreenshot=true}]</em></mark><br/>
                  </div>
    

        <a href="javascript:toggleElement('exception-0', 'block')" title="Click to expand/collapse"><b>org.openqa.selenium.WebDriverException: getElementByXPath(...) is null<br/>
Build info: version: &apos;2.52.0&apos;, revision: &apos;4c2593c&apos;, time: &apos;2016-02-11 19:06:42&apos;<br/>
System info: host: &apos;ETDB-510P680-D&apos;, ip: &apos;169.254.231.255&apos;, os.name: &apos;Windows 7&apos;, os.arch: &apos;amd64&apos;, os.version: &apos;6.1&apos;, java.version: &apos;1.7.0_79&apos;<br/>
Driver info: driver.version: unknown<br/>
Command duration or timeout: 243 milliseconds<br/>
Build info: version: &apos;2.52.0&apos;, revision: &apos;4c2593cfc3689a7fcd7be52549167e5ccc93ad28&apos;, time: &apos;2016-02-11 11:22:43&apos;<br/>
System info: host: &apos;ETDB-510P680-D&apos;, ip: &apos;169.254.231.255&apos;, os.name: &apos;Windows 7&apos;, os.arch: &apos;amd64&apos;, os.version: &apos;6.1&apos;, java.version: &apos;1.7.0_79&apos;<br/>
Session ID: 7b10f559-de81-4322-9247-8fd9bbeba88c<br/>
Driver info: org.openqa.selenium.remote.RemoteWebDriver<br/>
Capabilities [{platform=WINDOWS, javascriptEnabled=true, acceptSslCerts=true, browserName=firefox, rotatable=false, locationContextEnabled=true, webdriver.remote.sessionid=7b10f559-de81-4322-9247-8fd9bbeba88c, version=44.0.2, databaseEnabled=true, cssSelectorsEnabled=true, handlesAlerts=true, webStorageEnabled=true, nativeEvents=false, applicationCacheEnabled=true, takesScreenshot=true}]</b></a><br />
    <div class="stackTrace" id="exception-0">
              sun.reflect.NativeConstructorAccessorImpl.newInstance0(Native Method)<br />
              sun.reflect.NativeConstructorAccessorImpl.newInstance(NativeConstructorAccessorImpl.java:57)<br />
              sun.reflect.DelegatingConstructorAccessorImpl.newInstance(DelegatingConstructorAccessorImpl.java:45)<br />
              java.lang.reflect.Constructor.newInstance(Constructor.java:526)<br />
              org.openqa.selenium.remote.ErrorHandler.createThrowable(ErrorHandler.java:206)<br />
              org.openqa.selenium.remote.ErrorHandler.throwIfResponseFailed(ErrorHandler.java:158)<br />
              org.openqa.selenium.remote.RemoteWebDriver.execute(RemoteWebDriver.java:678)<br />
              org.openqa.selenium.remote.RemoteWebDriver.executeScript(RemoteWebDriver.java:577)<br />
              hcm.pageobjects.TaskListManagerTopPage.jsFindThenClick(TaskListManagerTopPage.java:1095)<br />
              hcm.tests.ManagePerformanceRolesTest.managePerf(ManagePerformanceRolesTest.java:73)<br />
              hcm.tests.ManagePerformanceRolesTest.a_test(ManagePerformanceRolesTest.java:27)<br />
              sun.reflect.NativeMethodAccessorImpl.invoke0(Native Method)<br />
              sun.reflect.NativeMethodAccessorImpl.invoke(NativeMethodAccessorImpl.java:57)<br />
              sun.reflect.DelegatingMethodAccessorImpl.invoke(DelegatingMethodAccessorImpl.java:43)<br />
              java.lang.reflect.Method.invoke(Method.java:606)<br />
              org.testng.internal.MethodInvocationHelper.invokeMethod(MethodInvocationHelper.java:85)<br />
              org.testng.internal.Invoker.invokeMethod(Invoker.java:639)<br />
              org.testng.internal.Invoker.invokeTestMethod(Invoker.java:821)<br />
              org.testng.internal.Invoker.invokeTestMethods(Invoker.java:1131)<br />
              org.testng.internal.TestMethodWorker.invokeTestMethods(TestMethodWorker.java:124)<br />
              org.testng.internal.TestMethodWorker.run(TestMethodWorker.java:108)<br />
              org.testng.TestRunner.privateRun(TestRunner.java:773)<br />
              org.testng.TestRunner.run(TestRunner.java:623)<br />
              org.testng.SuiteRunner.runTest(SuiteRunner.java:357)<br />
              org.testng.SuiteRunner.runSequentially(SuiteRunner.java:352)<br />
              org.testng.SuiteRunner.privateRun(SuiteRunner.java:310)<br />
              org.testng.SuiteRunner.run(SuiteRunner.java:259)<br />
              org.testng.SuiteRunnerWorker.runSuite(SuiteRunnerWorker.java:52)<br />
              org.testng.SuiteRunnerWorker.run(SuiteRunnerWorker.java:86)<br />
              org.testng.TestNG.runSuitesSequentially(TestNG.java:1185)<br />
              org.testng.TestNG.runSuitesLocally(TestNG.java:1110)<br />
              org.testng.TestNG.run(TestNG.java:1018)<br />
              org.apache.maven.surefire.testng.TestNGExecutor.run(TestNGExecutor.java:295)<br />
              org.apache.maven.surefire.testng.TestNGXmlTestSuite.execute(TestNGXmlTestSuite.java:84)<br />
              org.apache.maven.surefire.testng.TestNGProvider.invoke(TestNGProvider.java:90)<br />
              org.apache.maven.surefire.booter.ForkedBooter.invokeProviderInSameClassLoader(ForkedBooter.java:203)<br />
              org.apache.maven.surefire.booter.ForkedBooter.runSuitesInProcess(ForkedBooter.java:155)<br />
              org.apache.maven.surefire.booter.ForkedBooter.main(ForkedBooter.java:103)<br />
                    <b>Caused by: </b> <a href="javascript:toggleElement('exception-1', 'block')" title="Click to expand/collapse">org.openqa.selenium.remote.ScreenshotException: Screen shot has been taken<br/>
Build info: version: &apos;2.52.0&apos;, revision: &apos;4c2593cfc3689a7fcd7be52549167e5ccc93ad28&apos;, time: &apos;2016-02-11 11:22:43&apos;<br/>
System info: host: &apos;ETDB-510P680-D&apos;, ip: &apos;169.254.231.255&apos;, os.name: &apos;Windows 7&apos;, os.arch: &apos;amd64&apos;, os.version: &apos;6.1&apos;, java.version: &apos;1.7.0_79&apos;<br/>
Driver info: driver.version: RemoteWebDriver</a><br />
        <div class="stackTrace" id="exception-1">
                      org.openqa.selenium.remote.ErrorHandler.throwIfResponseFailed(ErrorHandler.java:138)<br />
                      org.openqa.selenium.remote.RemoteWebDriver.execute(RemoteWebDriver.java:678)<br />
                      org.openqa.selenium.remote.RemoteWebDriver.executeScript(RemoteWebDriver.java:577)<br />
                      hcm.pageobjects.TaskListManagerTopPage.jsFindThenClick(TaskListManagerTopPage.java:1095)<br />
                      hcm.tests.ManagePerformanceRolesTest.managePerf(ManagePerformanceRolesTest.java:73)<br />
                      hcm.tests.ManagePerformanceRolesTest.a_test(ManagePerformanceRolesTest.java:27)<br />
                      sun.reflect.NativeMethodAccessorImpl.invoke0(Native Method)<br />
                      sun.reflect.NativeMethodAccessorImpl.invoke(NativeMethodAccessorImpl.java:57)<br />
                      sun.reflect.DelegatingMethodAccessorImpl.invoke(DelegatingMethodAccessorImpl.java:43)<br />
                      java.lang.reflect.Method.invoke(Method.java:606)<br />
                      org.testng.internal.MethodInvocationHelper.invokeMethod(MethodInvocationHelper.java:85)<br />
                      org.testng.internal.Invoker.invokeMethod(Invoker.java:639)<br />
                      org.testng.internal.Invoker.invokeTestMethod(Invoker.java:821)<br />
                      org.testng.internal.Invoker.invokeTestMethods(Invoker.java:1131)<br />
                      org.testng.internal.TestMethodWorker.invokeTestMethods(TestMethodWorker.java:124)<br />
                      org.testng.internal.TestMethodWorker.run(TestMethodWorker.java:108)<br />
                      org.testng.TestRunner.privateRun(TestRunner.java:773)<br />
                      org.testng.TestRunner.run(TestRunner.java:623)<br />
                      org.testng.SuiteRunner.runTest(SuiteRunner.java:357)<br />
                      org.testng.SuiteRunner.runSequentially(SuiteRunner.java:352)<br />
                      org.testng.SuiteRunner.privateRun(SuiteRunner.java:310)<br />
                      org.testng.SuiteRunner.run(SuiteRunner.java:259)<br />
                      org.testng.SuiteRunnerWorker.runSuite(SuiteRunnerWorker.java:52)<br />
                      org.testng.SuiteRunnerWorker.run(SuiteRunnerWorker.java:86)<br />
                      org.testng.TestNG.runSuitesSequentially(TestNG.java:1185)<br />
                      org.testng.TestNG.runSuitesLocally(TestNG.java:1110)<br />
                      org.testng.TestNG.run(TestNG.java:1018)<br />
                      org.apache.maven.surefire.testng.TestNGExecutor.run(TestNGExecutor.java:295)<br />
                      org.apache.maven.surefire.testng.TestNGXmlTestSuite.execute(TestNGXmlTestSuite.java:84)<br />
                      org.apache.maven.surefire.testng.TestNGProvider.invoke(TestNGProvider.java:90)<br />
                      org.apache.maven.surefire.booter.ForkedBooter.invokeProviderInSameClassLoader(ForkedBooter.java:203)<br />
                      org.apache.maven.surefire.booter.ForkedBooter.runSuitesInProcess(ForkedBooter.java:155)<br />
                      org.apache.maven.surefire.booter.ForkedBooter.main(ForkedBooter.java:103)<br />
                  </div>
              <b>Caused by: </b> <a href="javascript:toggleElement('exception-2', 'block')" title="Click to expand/collapse">org.openqa.selenium.WebDriverException: getElementByXPath(...) is null<br/>
Build info: version: &apos;2.52.0&apos;, revision: &apos;4c2593c&apos;, time: &apos;2016-02-11 19:06:42&apos;<br/>
System info: host: &apos;ETDB-510P680-D&apos;, ip: &apos;169.254.231.255&apos;, os.name: &apos;Windows 7&apos;, os.arch: &apos;amd64&apos;, os.version: &apos;6.1&apos;, java.version: &apos;1.7.0_79&apos;<br/>
Driver info: driver.version: unknown<br/>
Build info: version: &apos;2.52.0&apos;, revision: &apos;4c2593cfc3689a7fcd7be52549167e5ccc93ad28&apos;, time: &apos;2016-02-11 11:22:43&apos;<br/>
System info: host: &apos;ETDB-510P680-D&apos;, ip: &apos;169.254.231.255&apos;, os.name: &apos;Windows 7&apos;, os.arch: &apos;amd64&apos;, os.version: &apos;6.1&apos;, java.version: &apos;1.7.0_79&apos;<br/>
Driver info: driver.version: unknown</a><br />
        <div class="stackTrace" id="exception-2">
                      &lt;anonymous class&gt;.anonymous(https://fs-aufsn4x0cba.oracleoutsourcing.com/setup/faces/TaskListManagerTop?fnd=%3B%3B%3B%3Bfalse%3B256%3B%3B%3B&amp;_afrLoop=508358167332312&amp;_afrWindowMode=0&amp;_afrWindowId=tzv5aarca&amp;_adf.ctrl-state=7orq8b9xz_1 line 69 &gt; Function:1)<br />
                      &lt;anonymous class&gt;.handleEvaluateEvent(https://fs-aufsn4x0cba.oracleoutsourcing.com/setup/faces/TaskListManagerTop?fnd=%3B%3B%3B%3Bfalse%3B256%3B%3B%3B&amp;_afrLoop=508358167332312&amp;_afrWindowMode=0&amp;_afrWindowId=tzv5aarca&amp;_adf.ctrl-state=7orq8b9xz_1:69)<br />
                  </div>
          </div>
      </td>
</tr>
      </table>


  
</body>
</html>
